Godot Engine v4.5.1.stable.official.f62fdbde1 - https://godotengine.org

ERROR: Condition "ret != noErr" is true. Returning: ""
   at: get_system_ca_certificates (platform/macos/os_macos.mm:991)
---  GUT  ---
[INFO]:  using [/Users/mcthaydt/Library/Application Support/Godot/app_userdata/SSA_Rising] for temporary output.
Godot version:  4.5.1
GUT version:  9.5.0
[WARNING]:  Ignoring Inner Class TestLandingIndicatorSystem because it does not extend GutTest


res://tests/unit/ecs/systems/test_landing_indicator_system.gd
* test_landing_indicator_projects_to_ground_hit
* test_indicator_aligns_negative_z_axis_to_hit_normal_by_default
* test_indicator_aligns_positive_y_axis_to_hit_normal_when_configured
* test_ground_ray_uses_origin_lift
* test_minimum_clearance_without_alignment_matches_indicator_height_offset
* test_landing_indicator_debug_logs_on_slope_raycast_and_plane_fallback
* test_landing_indicator_logs_when_visual_up_differs_from_hit_normal
* test_landing_indicator_hides_when_no_projection_within_range
* test_landing_indicator_projects_to_ground_plane_when_no_hit
[WARNING]:  Test script has 3 unfreed children.  Increase log level for more details.
9/9 passed.




==============================================
= Run Summary
==============================================

Totals
------
Warnings              2

Scripts               1
Tests                 9
Passing Tests         9
Asserts              26
Time              1.818s


---- All tests passed! ----

WARNING: ObjectDB instances leaked at exit (run with --verbose for details).
   at: cleanup (core/object/object.cpp:2514)
